<?xml version="1.0" encoding="UTF-8"?>
<!-- Generated by org.testng.reporters.JUnitReportReporter -->
<testsuite hostname="Harsha" failures="0" tests="1" name="TestCases.LoginTest" time="19.935" errors="0" timestamp="23 Apr 2023 05:13:32 GMT" skipped="0">
  <testcase classname="TestCases.LoginTest" name="test4" time="19.935"/>
</testsuite> <!-- TestCases.LoginTest -->
