<?xml version="1.0" encoding="UTF-8"?>
<!-- Generated by org.testng.reporters.JUnitReportReporter -->
<testsuite skipped="0" hostname="Harsha" name="TestCases.LoginTest" tests="2" failures="0" timestamp="23 Apr 2023 04:15:20 GMT" time="42.702" errors="0">
  <testcase name="test2" time="24.806" classname="TestCases.LoginTest"/>
  <testcase name="test1" time="17.896" classname="TestCases.LoginTest"/>
</testsuite> <!-- TestCases.LoginTest -->
